(2011/01/06 13:50:22)基幹→Webデータファイル出力(各種マスタ)を開始しました。
(2011/01/06 13:50:22)----->データ出力処理を開始しました。
(2011/01/06 13:50:22)----->----->企画マスタデータ抽出処理を開始しました。
(2011/01/06 13:50:22)----->----->企画マスタデータ抽出処理を完了しました。(件数：1件)
(2011/01/06 13:50:22)----->----->企画マスタデータ出力処理を開始しました。
(2011/01/06 13:50:22)----->----->企画マスタデータ出力処理を完了しました。(件数：1件)
(2011/01/06 13:50:22)----->----->コースマスタデータ抽出処理を開始しました。
(2011/01/06 13:50:22)----->----->コースマスタデータ抽出処理を完了しました。(件数：1件)
(2011/01/06 13:50:22)----->----->コースマスタデータ出力処理を開始しました。
(2011/01/06 13:50:22)----->----->コースマスタデータ出力処理を完了しました。(件数：1件)
(2011/01/06 13:50:22)----->----->カタログマスタデータ抽出処理を開始しました。
(2011/01/06 13:50:22)----->----->カタログマスタデータ抽出処理を完了しました。(件数：1件)
(2011/01/06 13:50:22)----->----->カタログマスタデータ出力処理を開始しました。
(2011/01/06 13:50:22)----->----->カタログマスタデータ出力処理を完了しました。(件数：1件)
(2011/01/06 13:50:22)----->----->カタログ商品グマスタデータ抽出処理を開始しました。
(2011/01/06 13:50:22)----->----->カタログ商品グマスタデータ抽出処理を完了しました。(件数：1件)
(2011/01/06 13:50:22)----->----->カタログ商品グマスタデータ出力処理を開始しました。
(2011/01/06 13:50:22)----->----->カタログ商品グマスタデータ出力処理を完了しました。(件数：1件)
(2011/01/06 13:50:22)----->----->商品マスタデータ抽出処理を開始しました。
(2011/01/06 13:50:22)----->----->商品マスタデータ抽出処理を完了しました。(件数：1件)
(2011/01/06 13:50:22)----->----->商品マスタデータ出力処理を開始しました。
(2011/01/06 13:50:22)----->----->商品マスタデータ出力処理を完了しました。(件数：1件)
(2011/01/06 13:50:22)----->----->届指定日禁止グマスタデータ抽出処理を開始しました。
(2011/01/06 13:50:22)----->----->届指定日禁止グマスタデータ抽出処理を完了しました。(件数：0件)
(2011/01/06 13:50:22)----->----->届指定日禁止グマスタデータ出力処理を開始しました。
(2011/01/06 13:50:22)----->----->届指定日禁止グマスタデータ出力処理を完了しました。(件数：0件)
(2011/01/06 13:50:22)----->----->配送業者マスタデータ抽出処理を開始しました。
(2011/01/06 13:50:22)----->----->配送業者マスタデータ抽出処理を完了しました。(件数：0件)
(2011/01/06 13:50:22)----->----->配送業者マスタデータ出力処理を開始しました。
(2011/01/06 13:50:22)----->----->配送業者マスタデータ出力処理を完了しました。(件数：0件)
(2011/01/06 13:50:22)----->----->商品リードタイムマスタデータ抽出処理を開始しました。
(2011/01/06 13:50:22)----->----->商品リードタイムマスタデータ抽出処理を完了しました。(件数：0件)
(2011/01/06 13:50:22)----->----->商品リードタイムマスタデータ出力処理を開始しました。
(2011/01/06 13:50:22)----->----->商品リードタイムマスタデータ出力処理を完了しました。(件数：0件)
(2011/01/06 13:50:22)----->----->商品ごとリードヘッダマスタデータ抽出処理を開始しました。
(2011/01/06 13:50:22)----->----->商品ごとリードヘッダマスタデータ抽出処理を完了しました。(件数：0件)
(2011/01/06 13:50:22)----->----->商品ごとリードヘッダマスタデータ出力処理を開始しました。
(2011/01/06 13:50:23)----->----->商品ごとリードヘッダマスタデータ出力処理を完了しました。(件数：0件)
(2011/01/06 13:50:23)----->----->商品ごとリード明細マスタデータ抽出処理を開始しました。
(2011/01/06 13:50:23)----->----->商品ごとリード明細マスタデータ抽出処理を完了しました。(件数：0件)
(2011/01/06 13:50:23)----->----->商品ごとリード明細マスタデータ出力処理を開始しました。
(2011/01/06 13:50:23)----->----->商品ごとリード明細マスタデータ出力処理を完了しました。(件数：0件)
(2011/01/06 13:50:23)----->データ出力処理を完了しました。
(2011/01/06 13:50:23)基幹→Webデータファイル出力(各種マスタ)を完了しました。
