(2011/01/07 14:43:19)基幹→Webデータファイル出力(各種マスタ)を開始しました。
(2011/01/07 14:43:19)----->データ出力処理を開始しました。
(2011/01/07 14:43:19)----->----->企画マスタデータ抽出処理を開始しました。
(2011/01/07 14:43:19)----->----->企画マスタデータ抽出処理を完了しました。(件数：1000件)
(2011/01/07 14:43:19)----->----->企画マスタデータ出力処理を開始しました。
(2011/01/07 14:43:19)----->----->企画マスタデータ出力処理を完了しました。(件数：1000件)
(2011/01/07 14:43:19)----->----->コースマスタデータ抽出処理を開始しました。
(2011/01/07 14:43:19)----->----->コースマスタデータ抽出処理を完了しました。(件数：2000件)
(2011/01/07 14:43:19)----->----->コースマスタデータ出力処理を開始しました。
(2011/01/07 14:43:20)----->----->コースマスタデータ出力処理を完了しました。(件数：2000件)
(2011/01/07 14:43:20)----->----->カタログマスタデータ抽出処理を開始しました。
(2011/01/07 14:43:20)----->----->カタログマスタデータ抽出処理を完了しました。(件数：2000件)
(2011/01/07 14:43:20)----->----->カタログマスタデータ出力処理を開始しました。
(2011/01/07 14:43:20)----->----->カタログマスタデータ出力処理を完了しました。(件数：2000件)
(2011/01/07 14:43:20)----->----->カタログ商品グマスタデータ抽出処理を開始しました。
(2011/01/07 14:43:20)----->----->カタログ商品グマスタデータ抽出処理を完了しました。(件数：2000件)
(2011/01/07 14:43:20)----->----->カタログ商品グマスタデータ出力処理を開始しました。
(2011/01/07 14:43:21)----->----->カタログ商品グマスタデータ出力処理を完了しました。(件数：2000件)
(2011/01/07 14:43:21)----->----->商品マスタデータ抽出処理を開始しました。
(2011/01/07 14:43:21)----->----->商品マスタデータ抽出処理を完了しました。(件数：1000件)
(2011/01/07 14:43:21)----->----->商品マスタデータ出力処理を開始しました。
(2011/01/07 14:43:21)----->----->商品マスタデータ出力処理を完了しました。(件数：1000件)
(2011/01/07 14:43:21)----->----->届指定日禁止グマスタデータ抽出処理を開始しました。
(2011/01/07 14:43:21)----->----->届指定日禁止グマスタデータ抽出処理を完了しました。(件数：1000件)
(2011/01/07 14:43:21)----->----->届指定日禁止グマスタデータ出力処理を開始しました。
(2011/01/07 14:43:21)----->----->届指定日禁止グマスタデータ出力処理を完了しました。(件数：1000件)
(2011/01/07 14:43:21)----->----->配送業者マスタデータ抽出処理を開始しました。
(2011/01/07 14:43:21)----->----->配送業者マスタデータ抽出処理を完了しました。(件数：1000件)
(2011/01/07 14:43:21)----->----->配送業者マスタデータ出力処理を開始しました。
(2011/01/07 14:43:21)----->----->配送業者マスタデータ出力処理を完了しました。(件数：1000件)
(2011/01/07 14:43:21)----->----->商品リードタイムマスタデータ抽出処理を開始しました。
(2011/01/07 14:43:21)----->----->商品リードタイムマスタデータ抽出処理を完了しました。(件数：1000件)
(2011/01/07 14:43:21)----->----->商品リードタイムマスタデータ出力処理を開始しました。
(2011/01/07 14:43:22)----->----->商品リードタイムマスタデータ出力処理を完了しました。(件数：1000件)
(2011/01/07 14:43:22)----->----->商品ごとリードヘッダマスタデータ抽出処理を開始しました。
(2011/01/07 14:43:22)----->----->商品ごとリードヘッダマスタデータ抽出処理を完了しました。(件数：1000件)
(2011/01/07 14:43:22)----->----->商品ごとリードヘッダマスタデータ出力処理を開始しました。
(2011/01/07 14:43:22)----->----->商品ごとリードヘッダマスタデータ出力処理を完了しました。(件数：1000件)
(2011/01/07 14:43:22)----->----->商品ごとリード明細マスタデータ抽出処理を開始しました。
(2011/01/07 14:43:22)----->----->商品ごとリード明細マスタデータ抽出処理を完了しました。(件数：1000件)
(2011/01/07 14:43:22)----->----->商品ごとリード明細マスタデータ出力処理を開始しました。
(2011/01/07 14:43:22)----->----->商品ごとリード明細マスタデータ出力処理を完了しました。(件数：1000件)
(2011/01/07 14:43:22)----->データ出力処理を完了しました。
(2011/01/07 14:43:22)基幹→Webデータファイル出力(各種マスタ)を完了しました。
